{ -> -1
identifier -> 0
: -> -1
int -> -1
; -> -1
identifier -> 1
: -> -1
int -> -1
; -> -1
identifier -> 2
: -> -1
int -> -1
; -> -1
identifier -> 1
= -> -1
constant -> 3
; -> -1
identifier -> 2
= -> -1
constant -> 4
; -> -1
>> -> -1
identifier -> 0
; -> -1
while -> -1
( -> -1
identifier -> 1
<= -> -1
identifier -> 0
/ -> -1
constant -> 3
&& -> -1
identifier -> 2
== -> -1
constant -> 4
) -> -1
{ -> -1
if -> -1
( -> -1
identifier -> 0
% -> -1
identifier -> 1
== -> -1
constant -> 5
) -> -1
{ -> -1
identifier -> 2
= -> -1
constant -> 5
; -> -1
} -> -1
identifier -> 1
= -> -1
identifier -> 1
+ -> -1
constant -> 4
; -> -1
} -> -1
if -> -1
( -> -1
identifier -> 2
== -> -1
constant -> 5
) -> -1
	 -> -1
{ -> -1
<< -> -1
constant -> 6
; -> -1
} -> -1
else -> -1
{ -> -1
<< -> -1
constant -> 7
; -> -1
} -> -1
} -> -1
